[debug] [2024-12-09T02:45:55.079Z] ----------------------------------------------------------------------
[debug] [2024-12-09T02:45:55.081Z] Command:       C:\Program Files\nodejs\node.exe C:\Users\ADMIN\AppData\Roaming\npm\node_modules\firebase-tools\lib\bin\firebase.js init
[debug] [2024-12-09T02:45:55.081Z] CLI Version:   13.28.0
[debug] [2024-12-09T02:45:55.082Z] Platform:      win32
[debug] [2024-12-09T02:45:55.082Z] Node Version:  v20.15.0
[debug] [2024-12-09T02:45:55.082Z] Time:          Mon Dec 09 2024 09:45:55 GMT+0700 (Indochina Time)
[debug] [2024-12-09T02:45:55.082Z] ----------------------------------------------------------------------
[debug] 
[debug] [2024-12-09T02:45:55.087Z] > command requires scopes: ["email","openid","https://www.googleapis.com/auth/cloudplatformprojects.readonly","https://www.googleapis.com/auth/firebase","https://www.googleapis.com/auth/cloud-platform"]
[debug] [2024-12-09T02:45:55.088Z] > authorizing via signed-in user (pdkhoi22@clc.fitus.edu.vn)
[info] 
     ######## #### ########  ######## ########     ###     ######  ########
     ##        ##  ##     ## ##       ##     ##  ##   ##  ##       ##
     ######    ##  ########  ######   ########  #########  ######  ######
     ##        ##  ##    ##  ##       ##     ## ##     ##       ## ##
     ##       #### ##     ## ######## ########  ##     ##  ######  ########

You're about to initialize a Firebase project in this directory:

  D:\Web_IOT\iot_web

[info] 
=== Project Setup
[info] 
[info] First, let's associate this project directory with a Firebase project.
[info] You can create multiple project aliases by running firebase use --add, 
[info] but for now we'll just set up a default project.
[info] 
[debug] [2024-12-09T02:47:02.235Z] Checked if tokens are valid: true, expires at: 1733715834327
[debug] [2024-12-09T02:47:02.235Z] Checked if tokens are valid: true, expires at: 1733715834327
[debug] [2024-12-09T02:47:02.236Z] >>> [apiv2][query] GET https://firebase.googleapis.com/v1beta1/projects pageSize=100
[debug] [2024-12-09T02:47:03.580Z] <<< [apiv2][status] GET https://firebase.googleapis.com/v1beta1/projects 200
[debug] [2024-12-09T02:47:03.580Z] <<< [apiv2][body] GET https://firebase.googleapis.com/v1beta1/projects [omitted]
[info] i  Using project smart-home-b7e83 (Smart-Home) 
[info] 
=== Database Setup
[info] i  database: ensuring required API firebasedatabase.googleapis.com is enabled... 
[debug] [2024-12-09T02:47:07.222Z] Checked if tokens are valid: true, expires at: 1733715834327
[debug] [2024-12-09T02:47:07.222Z] Checked if tokens are valid: true, expires at: 1733715834327
[debug] [2024-12-09T02:47:07.222Z] >>> [apiv2][query] GET https://serviceusage.googleapis.com/v1/projects/smart-home-b7e83/services/firebasedatabase.googleapis.com [none]
[debug] [2024-12-09T02:47:07.222Z] >>> [apiv2][(partial)header] GET https://serviceusage.googleapis.com/v1/projects/smart-home-b7e83/services/firebasedatabase.googleapis.com x-goog-quota-user=projects/smart-home-b7e83
[debug] [2024-12-09T02:47:08.701Z] <<< [apiv2][status] GET https://serviceusage.googleapis.com/v1/projects/smart-home-b7e83/services/firebasedatabase.googleapis.com 200
[debug] [2024-12-09T02:47:08.701Z] <<< [apiv2][body] GET https://serviceusage.googleapis.com/v1/projects/smart-home-b7e83/services/firebasedatabase.googleapis.com [omitted]
[warn] !  database: missing required API firebasedatabase.googleapis.com. Enabling now... 
[debug] [2024-12-09T02:47:08.702Z] Checked if tokens are valid: true, expires at: 1733715834327
[debug] [2024-12-09T02:47:08.702Z] Checked if tokens are valid: true, expires at: 1733715834327
[debug] [2024-12-09T02:47:08.702Z] >>> [apiv2][query] POST https://serviceusage.googleapis.com/v1/projects/smart-home-b7e83/services/firebasedatabase.googleapis.com:enable [none]
[debug] [2024-12-09T02:47:08.702Z] >>> [apiv2][(partial)header] POST https://serviceusage.googleapis.com/v1/projects/smart-home-b7e83/services/firebasedatabase.googleapis.com:enable x-goog-quota-user=projects/smart-home-b7e83
[debug] [2024-12-09T02:47:10.081Z] <<< [apiv2][status] POST https://serviceusage.googleapis.com/v1/projects/smart-home-b7e83/services/firebasedatabase.googleapis.com:enable 200
[debug] [2024-12-09T02:47:10.082Z] <<< [apiv2][body] POST https://serviceusage.googleapis.com/v1/projects/smart-home-b7e83/services/firebasedatabase.googleapis.com:enable [omitted]
[debug] [2024-12-09T02:47:20.093Z] Checked if tokens are valid: true, expires at: 1733715834327
[debug] [2024-12-09T02:47:20.093Z] Checked if tokens are valid: true, expires at: 1733715834327
[debug] [2024-12-09T02:47:20.093Z] >>> [apiv2][query] GET https://serviceusage.googleapis.com/v1/projects/smart-home-b7e83/services/firebasedatabase.googleapis.com [none]
[debug] [2024-12-09T02:47:20.093Z] >>> [apiv2][(partial)header] GET https://serviceusage.googleapis.com/v1/projects/smart-home-b7e83/services/firebasedatabase.googleapis.com x-goog-quota-user=projects/smart-home-b7e83
[debug] [2024-12-09T02:47:21.443Z] <<< [apiv2][status] GET https://serviceusage.googleapis.com/v1/projects/smart-home-b7e83/services/firebasedatabase.googleapis.com 200
[debug] [2024-12-09T02:47:21.443Z] <<< [apiv2][body] GET https://serviceusage.googleapis.com/v1/projects/smart-home-b7e83/services/firebasedatabase.googleapis.com [omitted]
[info] +  database: required API firebasedatabase.googleapis.com is enabled 
[info] 
[debug] [2024-12-09T02:47:21.449Z] Checked if tokens are valid: true, expires at: 1733715834327
[debug] [2024-12-09T02:47:21.449Z] Checked if tokens are valid: true, expires at: 1733715834327
[debug] [2024-12-09T02:47:21.449Z] >>> [apiv2][query] GET https://firebase.googleapis.com/v1beta1/projects/smart-home-b7e83 [none]
[debug] [2024-12-09T02:47:21.988Z] <<< [apiv2][status] GET https://firebase.googleapis.com/v1beta1/projects/smart-home-b7e83 200
[debug] [2024-12-09T02:47:21.988Z] <<< [apiv2][body] GET https://firebase.googleapis.com/v1beta1/projects/smart-home-b7e83 {"projectId":"smart-home-b7e83","projectNumber":"396138473757","displayName":"Smart-Home","name":"projects/smart-home-b7e83","resources":{"hostingSite":"smart-home-b7e83"},"state":"ACTIVE","etag":"1_0365f004-a969-4e69-84fa-c12aab83a18b"}
[debug] [2024-12-09T02:47:55.196Z] Checked if tokens are valid: true, expires at: 1733715834327
[debug] [2024-12-09T02:47:55.196Z] Checked if tokens are valid: true, expires at: 1733715834327
[debug] [2024-12-09T02:47:55.197Z] >>> [apiv2][query] POST https://firebasedatabase.googleapis.com/v1beta/projects/smart-home-b7e83/locations/asia-southeast1/instances databaseId=smart-home-b7e83-default-rtdb&validateOnly=true
[debug] [2024-12-09T02:47:55.197Z] >>> [apiv2][body] POST https://firebasedatabase.googleapis.com/v1beta/projects/smart-home-b7e83/locations/asia-southeast1/instances {"type":"default_database"}
[debug] [2024-12-09T02:47:56.710Z] <<< [apiv2][status] POST https://firebasedatabase.googleapis.com/v1beta/projects/smart-home-b7e83/locations/asia-southeast1/instances 200
[debug] [2024-12-09T02:47:56.710Z] <<< [apiv2][body] POST https://firebasedatabase.googleapis.com/v1beta/projects/smart-home-b7e83/locations/asia-southeast1/instances {"name":"projects/396138473757/locations/asia-southeast1/instances/smart-home-b7e83-default-rtdb","project":"projects/396138473757","databaseUrl":"https://smart-home-b7e83-default-rtdb.asia-southeast1.firebasedatabase.app","type":"DEFAULT_DATABASE","state":"ACTIVE"}
[debug] [2024-12-09T02:47:56.710Z] Checked if tokens are valid: true, expires at: 1733715834327
[debug] [2024-12-09T02:47:56.711Z] Checked if tokens are valid: true, expires at: 1733715834327
[debug] [2024-12-09T02:47:56.711Z] >>> [apiv2][query] POST https://firebasedatabase.googleapis.com/v1beta/projects/smart-home-b7e83/locations/asia-southeast1/instances databaseId=smart-home-b7e83-default-rtdb
[debug] [2024-12-09T02:47:56.711Z] >>> [apiv2][body] POST https://firebasedatabase.googleapis.com/v1beta/projects/smart-home-b7e83/locations/asia-southeast1/instances {"type":"default_database"}
[debug] [2024-12-09T02:47:57.350Z] <<< [apiv2][status] POST https://firebasedatabase.googleapis.com/v1beta/projects/smart-home-b7e83/locations/asia-southeast1/instances 200
[debug] [2024-12-09T02:47:57.350Z] <<< [apiv2][body] POST https://firebasedatabase.googleapis.com/v1beta/projects/smart-home-b7e83/locations/asia-southeast1/instances {"name":"projects/396138473757/locations/asia-southeast1/instances/smart-home-b7e83-default-rtdb","project":"projects/396138473757","databaseUrl":"https://smart-home-b7e83-default-rtdb.asia-southeast1.firebasedatabase.app","type":"DEFAULT_DATABASE","state":"ACTIVE"}
[info] 
[info] Firebase Realtime Database Security Rules allow you to define how your data should be
[info] structured and when your data can be read from and written to.
[info] 
